<?xml version="1.0" encoding="UTF-8"?>
<!-- Generated by org.testng.reporters.JUnitXMLReporter -->
<testsuite ignored="0" hostname="Hemanth-Mohan" failures="0" tests="2" name="Error Validation Test" time="35.254" errors="0" timestamp="2024-12-09T13:02:30 IST">
  <testcase classname="Hemanth.Testss.ErrorValidationssNeww" name="LoginErrorValidation" time="0.661"/>
  <testcase classname="Hemanth.Testss.ErrorValidationssNeww" name="ProductErrorValidation" time="23.803"/>
</testsuite> <!-- Error Validation Test -->
