<?xml version="1.0" encoding="UTF-8"?>
<!-- Generated by org.testng.reporters.JUnitXMLReporter -->
<testsuite ignored="0" hostname="Hemanth-Mohan" failures="0" tests="3" name="Submit Order Test" time="43.941" errors="0" timestamp="2024-12-09T13:02:38 IST">
  <testcase classname="Hemanth.Testss.SubmitOrderNeww" name="submitOrder" time="15.076"/>
  <testcase classname="Hemanth.Testss.SubmitOrderNeww" name="submitOrder" time="14.338"/>
  <testcase classname="Hemanth.Testss.SubmitOrderNeww" name="OrderTest" time="0.612"/>
</testsuite> <!-- Submit Order Test -->
