<?xml version="1.0" encoding="UTF-8"?>
<!-- Generated by org.testng.reporters.JUnitXMLReporter -->
<testsuite ignored="1" hostname="Hemanth-Mohan" failures="0" tests="1" name="Error Validation Test" time="4.549" errors="0" timestamp="2024-12-09T13:03:20 IST">
  <testcase classname="Hemanth.Testss.ErrorValidationssNeww" name="LoginErrorValidation" time="0.69"/>
  <testcase classname="Hemanth.Testss.ErrorValidationssNeww" name="ProductErrorValidation" time="0.0">
    <ignored/>
  </testcase> <!-- ProductErrorValidation -->
</testsuite> <!-- Error Validation Test -->
