<?xml version="1.0" encoding="UTF-8"?>
<!-- Generated by org.testng.reporters.JUnitXMLReporter -->
<testsuite ignored="2" hostname="Hemanth-Mohan" failures="0" tests="0" time="0.013" errors="0" timestamp="2024-12-09T13:03:16 IST">
  <testcase classname="Hemanth.Testss.SubmitOrderNeww" name="submitOrder" time="0.0">
    <ignored/>
  </testcase> <!-- submitOrder -->
  <testcase classname="Hemanth.Testss.SubmitOrderNeww" name="OrderTest" time="0.0">
    <ignored/>
  </testcase> <!-- OrderTest -->
</testsuite>
