<?xml version="1.0" encoding="UTF-8"?>
<testng-results ignored="0" total="1" passed="1" failed="0" skipped="0">
  <reporter-output>
  </reporter-output>
  <suite started-at="2024-12-09T13:03:16 IST" name="Suite" finished-at="2024-12-09T13:03:20 IST" duration-ms="4549">
    <groups>
      <group name="ErrorHandlingNew">
        <method signature="ErrorValidationssNeww.LoginErrorValidation()[pri:0, instance:Hemanth.Testss.ErrorValidationssNeww@7b98f307]" name="LoginErrorValidation" class="Hemanth.Testss.ErrorValidationssNeww"/>
      </group> <!-- ErrorHandlingNew -->
    </groups>
    <test started-at="2024-12-09T13:03:16 IST" name="Submit Order Test" finished-at="2024-12-09T13:03:16 IST" duration-ms="13">
    </test> <!-- Submit Order Test -->
    <test started-at="2024-12-09T13:03:16 IST" name="Error Validation Test" finished-at="2024-12-09T13:03:20 IST" duration-ms="4549">
      <class name="Hemanth.Testss.ErrorValidationssNeww">
        <test-method is-config="true" signature="launchApplication()[pri:0, instance:Hemanth.Testss.ErrorValidationssNeww@7b98f307]" started-at="2024-12-09T13:03:16 IST" name="launchApplication" finished-at="2024-12-09T13:03:19 IST" duration-ms="3603" status="PASS">
          <reporter-output>
          </reporter-output>
        </test-method> <!-- launchApplication -->
        <test-method signature="LoginErrorValidation()[pri:0, instance:Hemanth.Testss.ErrorValidationssNeww@7b98f307]" started-at="2024-12-09T13:03:19 IST" name="LoginErrorValidation" finished-at="2024-12-09T13:03:20 IST" duration-ms="690" status="PASS">
          <reporter-output>
          </reporter-output>
        </test-method> <!-- LoginErrorValidation -->
        <test-method is-config="true" signature="tearDown()[pri:0, instance:Hemanth.Testss.ErrorValidationssNeww@7b98f307]" started-at="2024-12-09T13:03:20 IST" name="tearDown" finished-at="2024-12-09T13:03:20 IST" duration-ms="192" status="PASS">
          <reporter-output>
          </reporter-output>
        </test-method> <!-- tearDown -->
      </class> <!-- Hemanth.Testss.ErrorValidationssNeww -->
    </test> <!-- Error Validation Test -->
  </suite> <!-- Suite -->
</testng-results>
