<?xml version="1.0" encoding="UTF-8"?>
<testng-results ignored="0" total="5" passed="5" failed="0" skipped="0">
  <reporter-output>
  </reporter-output>
  <suite started-at="2024-12-09T13:01:54 IST" name="Suite" finished-at="2024-12-09T13:02:37 IST" duration-ms="43941">
    <groups>
      <group name="ErrorHandlingNew">
        <method signature="ErrorValidationssNeww.LoginErrorValidation()[pri:0, instance:Hemanth.Testss.ErrorValidationssNeww@63a270c9]" name="LoginErrorValidation" class="Hemanth.Testss.ErrorValidationssNeww"/>
      </group> <!-- ErrorHandlingNew -->
      <group name="PurchaseOrder">
        <method signature="SubmitOrderNeww.submitOrder(java.util.HashMap)[pri:0, instance:Hemanth.Testss.SubmitOrderNeww@6995bf68]" name="submitOrder" class="Hemanth.Testss.SubmitOrderNeww"/>
      </group> <!-- PurchaseOrder -->
    </groups>
    <test started-at="2024-12-09T13:01:54 IST" name="Error Validation Test" finished-at="2024-12-09T13:02:29 IST" duration-ms="35254">
      <class name="Hemanth.Testss.ErrorValidationssNeww">
        <test-method is-config="true" signature="launchApplication()[pri:0, instance:Hemanth.Testss.ErrorValidationssNeww@63a270c9]" started-at="2024-12-09T13:01:54 IST" name="launchApplication" finished-at="2024-12-09T13:02:02 IST" duration-ms="8092" status="PASS">
          <reporter-output>
          </reporter-output>
        </test-method> <!-- launchApplication -->
        <test-method signature="LoginErrorValidation()[pri:0, instance:Hemanth.Testss.ErrorValidationssNeww@63a270c9]" started-at="2024-12-09T13:02:02 IST" name="LoginErrorValidation" finished-at="2024-12-09T13:02:02 IST" duration-ms="661" status="PASS">
          <reporter-output>
          </reporter-output>
        </test-method> <!-- LoginErrorValidation -->
        <test-method is-config="true" signature="tearDown()[pri:0, instance:Hemanth.Testss.ErrorValidationssNeww@63a270c9]" started-at="2024-12-09T13:02:02 IST" name="tearDown" finished-at="2024-12-09T13:02:03 IST" duration-ms="433" status="PASS">
          <reporter-output>
          </reporter-output>
        </test-method> <!-- tearDown -->
        <test-method is-config="true" signature="launchApplication()[pri:0, instance:Hemanth.Testss.ErrorValidationssNeww@63a270c9]" started-at="2024-12-09T13:02:03 IST" name="launchApplication" finished-at="2024-12-09T13:02:05 IST" duration-ms="2000" status="PASS">
          <reporter-output>
          </reporter-output>
        </test-method> <!-- launchApplication -->
        <test-method signature="ProductErrorValidation()[pri:0, instance:Hemanth.Testss.ErrorValidationssNeww@63a270c9]" started-at="2024-12-09T13:02:05 IST" name="ProductErrorValidation" finished-at="2024-12-09T13:02:29 IST" duration-ms="23803" status="PASS">
          <reporter-output>
          </reporter-output>
        </test-method> <!-- ProductErrorValidation -->
        <test-method is-config="true" signature="tearDown()[pri:0, instance:Hemanth.Testss.ErrorValidationssNeww@63a270c9]" started-at="2024-12-09T13:02:29 IST" name="tearDown" finished-at="2024-12-09T13:02:29 IST" duration-ms="182" status="PASS">
          <reporter-output>
          </reporter-output>
        </test-method> <!-- tearDown -->
      </class> <!-- Hemanth.Testss.ErrorValidationssNeww -->
    </test> <!-- Error Validation Test -->
    <test started-at="2024-12-09T13:01:54 IST" name="Submit Order Test" finished-at="2024-12-09T13:02:37 IST" duration-ms="43941">
      <class name="Hemanth.Testss.SubmitOrderNeww">
        <test-method is-config="true" signature="launchApplication()[pri:0, instance:Hemanth.Testss.SubmitOrderNeww@6995bf68]" started-at="2024-12-09T13:01:54 IST" name="launchApplication" finished-at="2024-12-09T13:02:02 IST" duration-ms="7677" status="PASS">
          <reporter-output>
          </reporter-output>
        </test-method> <!-- launchApplication -->
        <test-method signature="submitOrder(java.util.HashMap)[pri:0, instance:Hemanth.Testss.SubmitOrderNeww@6995bf68]" started-at="2024-12-09T13:02:02 IST" name="submitOrder" data-provider="getDataNewww" finished-at="2024-12-09T13:02:17 IST" duration-ms="15076" status="PASS">
          <params>
            <param index="0">
              <value>
                <![CDATA[{password=Hemanth12*, email=hemanthm797@gmail.com, productName=IPHONE 13 PRO}]]>
              </value>
            </param>
          </params>
          <reporter-output>
          </reporter-output>
        </test-method> <!-- submitOrder -->
        <test-method is-config="true" signature="tearDown()[pri:0, instance:Hemanth.Testss.SubmitOrderNeww@6995bf68]" started-at="2024-12-09T13:02:17 IST" name="tearDown" finished-at="2024-12-09T13:02:17 IST" duration-ms="180" status="PASS">
          <reporter-output>
          </reporter-output>
        </test-method> <!-- tearDown -->
        <test-method is-config="true" signature="launchApplication()[pri:0, instance:Hemanth.Testss.SubmitOrderNeww@6995bf68]" started-at="2024-12-09T13:02:17 IST" name="launchApplication" finished-at="2024-12-09T13:02:20 IST" duration-ms="3149" status="PASS">
          <reporter-output>
          </reporter-output>
        </test-method> <!-- launchApplication -->
        <test-method signature="submitOrder(java.util.HashMap)[pri:0, instance:Hemanth.Testss.SubmitOrderNeww@6995bf68]" started-at="2024-12-09T13:02:20 IST" name="submitOrder" data-provider="getDataNewww" finished-at="2024-12-09T13:02:34 IST" duration-ms="14338" status="PASS">
          <params>
            <param index="0">
              <value>
                <![CDATA[{password=Hemanth12*, email=hemanthm797@gmail.com, productName=ZARA COAT 3}]]>
              </value>
            </param>
          </params>
          <reporter-output>
          </reporter-output>
        </test-method> <!-- submitOrder -->
        <test-method is-config="true" signature="tearDown()[pri:0, instance:Hemanth.Testss.SubmitOrderNeww@6995bf68]" started-at="2024-12-09T13:02:34 IST" name="tearDown" finished-at="2024-12-09T13:02:35 IST" duration-ms="166" status="PASS">
          <reporter-output>
          </reporter-output>
        </test-method> <!-- tearDown -->
        <test-method is-config="true" signature="launchApplication()[pri:0, instance:Hemanth.Testss.SubmitOrderNeww@6995bf68]" started-at="2024-12-09T13:02:35 IST" name="launchApplication" finished-at="2024-12-09T13:02:37 IST" duration-ms="2121" status="PASS">
          <reporter-output>
          </reporter-output>
        </test-method> <!-- launchApplication -->
        <test-method signature="OrderTest()[pri:0, instance:Hemanth.Testss.SubmitOrderNeww@6995bf68]" started-at="2024-12-09T13:02:37 IST" name="OrderTest" finished-at="2024-12-09T13:02:37 IST" depends-on-methods="Hemanth.Testss.SubmitOrderNeww.submitOrder" duration-ms="612" status="PASS">
          <reporter-output>
          </reporter-output>
        </test-method> <!-- OrderTest -->
        <test-method is-config="true" signature="tearDown()[pri:0, instance:Hemanth.Testss.SubmitOrderNeww@6995bf68]" started-at="2024-12-09T13:02:37 IST" name="tearDown" finished-at="2024-12-09T13:02:37 IST" duration-ms="143" status="PASS">
          <reporter-output>
          </reporter-output>
        </test-method> <!-- tearDown -->
      </class> <!-- Hemanth.Testss.SubmitOrderNeww -->
    </test> <!-- Submit Order Test -->
  </suite> <!-- Suite -->
</testng-results>
